mi., 15 de feb. de 2023 12:35:23: 
 tests:  0|6
total_score: 0/70
7964391
Fri 31 Mar 2023 11:21:11 AM UTC: 
 tests:  0|6
total_score: 0/70
231fa1c
Fri 31 Mar 2023 11:22:20 AM UTC: 
 arraylist.c | 7 ++++++-
 1 file changed, 6 insertions(+), 1 deletion(-)
In file included from test.c:5:
arraylist.c: In function ‘createList’:
arraylist.c:14:5: error: unknown type name ‘Node’
   14 |     Node * new = (Node *)malloc(sizeof(Node));
      |     ^~~~
arraylist.c:14:19: error: ‘Node’ undeclared (first use in this function)
   14 |     Node * new = (Node *)malloc(sizeof(Node));
      |                   ^~~~
arraylist.c:14:19: note: each undeclared identifier is reported only once for each function it appears in
arraylist.c:14:25: error: expected expression before ‘)’ token
   14 |     Node * new = (Node *)malloc(sizeof(Node));
      |                         ^
arraylist.c:16:8: error: request for member ‘data’ in something not a structure or union
   16 |     new->data = data;
      |        ^~
arraylist.c:16:17: error: ‘data’ undeclared (first use in this function)
   16 |     new->data = data;
      |                 ^~~~
arraylist.c:17:8: error: request for member ‘prev’ in something not a structure or union
   17 |     new->prev = NULL;
      |        ^~
arraylist.c:18:8: error: request for member ‘next’ in something not a structure or union
   18 |     new->next = NULL;
      |        ^~
arraylist.c:19:12: error: returning ‘int *’ from a function with incompatible return type ‘ArrayList *’ {aka ‘struct ArrayList *’} [-Werror=incompatible-pointer-types]
   19 |     return new
      |            ^~~
arraylist.c:19:15: error: expected ‘;’ before ‘}’ token
   19 |     return new
      |               ^
      |               ;
   20 | }
      | ~              
cc1: all warnings being treated as errors
Compilation failed
920e6a5
Fri 31 Mar 2023 11:22:38 AM UTC: 
 arraylist.c | 4 ++--
 1 file changed, 2 insertions(+), 2 deletions(-)
In file included from test.c:5:
arraylist.c:13:12: error: conflicting types for ‘createList’; have ‘ArrayList *(void *)’ {aka ‘struct ArrayList *(void *)’}
   13 | ArrayList *createList(void * data) {
      |            ^~~~~~~~~~
In file included from arraylist.c:4,
                 from test.c:5:
arraylist.h:6:12: note: previous declaration of ‘createList’ with type ‘ArrayList *(void)’ {aka ‘struct ArrayList *(void)’}
    6 | ArrayList *createList(void);
      |            ^~~~~~~~~~
In file included from test.c:5:
arraylist.c: In function ‘createList’:
arraylist.c:14:5: error: unknown type name ‘Node’
   14 |     Node * new = (Node *)malloc(sizeof(Node));
      |     ^~~~
arraylist.c:14:19: error: ‘Node’ undeclared (first use in this function)
   14 |     Node * new = (Node *)malloc(sizeof(Node));
      |                   ^~~~
arraylist.c:14:19: note: each undeclared identifier is reported only once for each function it appears in
arraylist.c:14:25: error: expected expression before ‘)’ token
   14 |     Node * new = (Node *)malloc(sizeof(Node));
      |                         ^
arraylist.c:16:8: error: request for member ‘data’ in something not a structure or union
   16 |     new->data = data;
      |        ^~
arraylist.c:17:8: error: request for member ‘prev’ in something not a structure or union
   17 |     new->prev = NULL;
      |        ^~
arraylist.c:18:8: error: request for member ‘next’ in something not a structure or union
   18 |     new->next = NULL;
      |        ^~
arraylist.c:19:12: error: returning ‘int *’ from a function with incompatible return type ‘ArrayList *’ {aka ‘struct ArrayList *’} [-Werror=incompatible-pointer-types]
   19 |     return new;
      |            ^~~
test.c: In function ‘test_create’:
test.c:77:20: error: too few arguments to function ‘createList’
   77 |     ArrayList* l = createList();
      |                    ^~~~~~~~~~
In file included from test.c:5:
arraylist.c:13:12: note: declared here
   13 | ArrayList *createList(void * data) {
      |            ^~~~~~~~~~
test.c: In function ‘test_all’:
test.c:325:20: error: too few arguments to function ‘createList’
  325 |     ArrayList *l = createList();
      |                    ^~~~~~~~~~
In file included from test.c:5:
arraylist.c:13:12: note: declared here
   13 | ArrayList *createList(void * data) {
      |            ^~~~~~~~~~
cc1: all warnings being treated as errors
Compilation failed
5cd9c97
Fri 31 Mar 2023 11:23:58 AM UTC: 
 arraylist.c | 13 ++++++-------
 1 file changed, 6 insertions(+), 7 deletions(-)
In file included from test.c:5:
arraylist.c: In function ‘createList’:
arraylist.c:15:9: error: ‘ArrayList’ {aka ‘struct ArrayList’} has no member named ‘head’
   15 |   lista -> head=NULL;
      |         ^~
arraylist.c:16:8: error: ‘ArrayList’ {aka ‘struct ArrayList’} has no member named ‘tail’
   16 |   lista-> tail=NULL;
      |        ^~
arraylist.c:17:8: error: ‘ArrayList’ {aka ‘struct ArrayList’} has no member named ‘current’
   17 |   lista->current=NULL;
      |        ^~
Compilation failed
be41db4
Fri 31 Mar 2023 11:29:21 AM UTC: 
 arraylist.c | 6 +++---
 1 file changed, 3 insertions(+), 3 deletions(-)
In file included from test.c:5:
arraylist.c: In function ‘createList’:
arraylist.c:16:15: error: assignment to ‘int’ from ‘void *’ makes integer from pointer without a cast [-Werror=int-conversion]
   16 |   lista-> size=NULL;
      |               ^
arraylist.c:17:11: error: expected identifier before ‘*’ token
   17 |   lista-> *data=NULL;
      |           ^
cc1: all warnings being treated as errors
Compilation failed
a91f440
Fri 31 Mar 2023 11:29:31 AM UTC: 
 arraylist.c | 2 +-
 1 file changed, 1 insertion(+), 1 deletion(-)
In file included from test.c:5:
arraylist.c: In function ‘createList’:
arraylist.c:17:11: error: expected identifier before ‘*’ token
   17 |   lista-> *data=NULL;
      |           ^
Compilation failed
046f607
Fri 31 Mar 2023 11:29:42 AM UTC: 
 arraylist.c | 2 +-
 1 file changed, 1 insertion(+), 1 deletion(-)
In file included from test.c:5:
arraylist.c: In function ‘createList’:
arraylist.c:17:11: error: expected identifier before ‘*’ token
   17 |   lista-> **data=NULL;
      |           ^
Compilation failed
cdebf8b
Fri 31 Mar 2023 11:29:51 AM UTC: 
 arraylist.c | 1 -
 1 file changed, 1 deletion(-)
 tests:  0|6
total_score: 0/70
8ad7699
Fri 31 Mar 2023 11:31:28 AM UTC: 
 arraylist.c | 1 +
 1 file changed, 1 insertion(+)
 tests:  1|5
total_score: 10/70
7a2f0ed
Fri 31 Mar 2023 11:32:15 AM UTC: 
 arraylist.c | 2 +-
 1 file changed, 1 insertion(+), 1 deletion(-)
In file included from test.c:5:
arraylist.c: In function ‘createList’:
arraylist.c:17:16: error: assignment to ‘void **’ from incompatible pointer type ‘ArrayList *’ {aka ‘struct ArrayList *’} [-Werror=incompatible-pointer-types]
   17 |   lista -> data=(ArrayList *) malloc(sizeof(ArrayList));
      |                ^
cc1: all warnings being treated as errors
Compilation failed
1d64813
Fri 31 Mar 2023 11:32:31 AM UTC: 
 arraylist.c | 2 +-
 1 file changed, 1 insertion(+), 1 deletion(-)
 tests:  1|5
total_score: 10/70
bced503
Fri 31 Mar 2023 11:32:45 AM UTC: 
 arraylist.c | 2 +-
 1 file changed, 1 insertion(+), 1 deletion(-)
 tests:  1|5
total_score: 10/70
d890667
Fri 31 Mar 2023 11:42:05 AM UTC: 
 arraylist.c | 3 +++
 1 file changed, 3 insertions(+)
 tests:  1|5
total_score: 10/70
9beea34
Fri 31 Mar 2023 11:42:24 AM UTC: 
 arraylist.c | 2 --
 1 file changed, 2 deletions(-)
 tests:  1|5
total_score: 10/70
a9a6a3e
Fri 31 Mar 2023 11:42:56 AM UTC: 
 arraylist.c | 1 +
 1 file changed, 1 insertion(+)
In file included from test.c:5:
arraylist.c: In function ‘append’:
arraylist.c:23:10: error: assignment to ‘int’ from ‘void *’ makes integer from pointer without a cast [-Werror=int-conversion]
   23 |   l->size=realloc(data,(l->capacity)*2);
      |          ^
cc1: all warnings being treated as errors
Compilation failed
31b3d24
Fri 31 Mar 2023 11:43:25 AM UTC: 
 arraylist.c | 2 +-
 1 file changed, 1 insertion(+), 1 deletion(-)
In file included from test.c:5:
arraylist.c: In function ‘append’:
arraylist.c:23:10: error: assignment to ‘int’ from ‘void *’ makes integer from pointer without a cast [-Werror=int-conversion]
   23 |   l->size=realloc(data,(l->size)*2);
      |          ^
cc1: all warnings being treated as errors
Compilation failed
24fa71a
Fri 31 Mar 2023 11:45:54 AM UTC: 
 arraylist.c | 3 +--
 1 file changed, 1 insertion(+), 2 deletions(-)
In file included from test.c:5:
arraylist.c: In function ‘append’:
arraylist.c:23:11: error: dereferencing ‘void *’ pointer [-Werror]
   23 |   l->size=*realloc(data,(l->size)*2);
      |           ^~~~~~~~~~~~~~~~~~~~~~~~~~
arraylist.c:23:10: error: void value not ignored as it ought to be
   23 |   l->size=*realloc(data,(l->size)*2);
      |          ^
cc1: all warnings being treated as errors
Compilation failed
a44a8e6
Fri 31 Mar 2023 11:46:33 AM UTC: 
 arraylist.c | 1 -
 1 file changed, 1 deletion(-)
 tests:  1|5
total_score: 10/70
87f45b4
Fri 31 Mar 2023 11:48:24 AM UTC: 
 arraylist.c | 2 ++
 1 file changed, 2 insertions(+)
In file included from test.c:5:
arraylist.c: In function ‘append’:
arraylist.c:24:3: error: ‘size’ undeclared (first use in this function); did you mean ‘dysize’?
   24 |   size++;
      |   ^~~~
      |   dysize
arraylist.c:24:3: note: each undeclared identifier is reported only once for each function it appears in
Compilation failed
34533ad
Fri 31 Mar 2023 11:48:32 AM UTC: 
 arraylist.c | 2 +-
 1 file changed, 1 insertion(+), 1 deletion(-)
 tests:  0|0
ac9e3c3
Fri 31 Mar 2023 11:48:52 AM UTC: 
 arraylist.c | 2 +-
 1 file changed, 1 insertion(+), 1 deletion(-)
 tests:  0|0
24e6c1f
Fri 31 Mar 2023 11:49:47 AM UTC: 
 arraylist.c | 2 ++
 1 file changed, 2 insertions(+)
 tests:  0|0
64189b1
Fri 31 Mar 2023 11:52:00 AM UTC: 
 arraylist.c | 2 --
 1 file changed, 2 deletions(-)
 tests:  0|0
7e0df39
Fri 31 Mar 2023 11:53:08 AM UTC: 
 arraylist.c | 2 +-
 1 file changed, 1 insertion(+), 1 deletion(-)
 tests:  0|0
0ca43da
Fri 31 Mar 2023 11:53:20 AM UTC: 
 arraylist.c | 4 +---
 1 file changed, 1 insertion(+), 3 deletions(-)
 tests:  1|5
total_score: 10/70
2c06693
Fri 31 Mar 2023 11:53:40 AM UTC: 
 arraylist.c | 4 +++-
 1 file changed, 3 insertions(+), 1 deletion(-)
 tests:  0|0
e57baa6
Fri 31 Mar 2023 11:54:04 AM UTC: 
 arraylist.c | 2 +-
 1 file changed, 1 insertion(+), 1 deletion(-)
 tests:  1|5
total_score: 10/70
04a8456
Fri 31 Mar 2023 11:55:06 AM UTC: 
 arraylist.c | 2 ++
 1 file changed, 2 insertions(+)
 tests:  2|5
total_score: 15/70
1176fa4
Fri 31 Mar 2023 11:55:49 AM UTC: 
 arraylist.c | 2 +-
 1 file changed, 1 insertion(+), 1 deletion(-)
In file included from test.c:5:
arraylist.c: In function ‘append’:
arraylist.c:27:1: error: expected expression before ‘}’ token
   27 | }
      | ^
Compilation failed
6940a25
Fri 31 Mar 2023 11:55:56 AM UTC: 
 arraylist.c | 2 +-
 1 file changed, 1 insertion(+), 1 deletion(-)
 tests:  2|5
total_score: 15/70
f0e6aad
Fri 31 Mar 2023 11:56:30 AM UTC: 
 arraylist.c | 4 +++-
 1 file changed, 3 insertions(+), 1 deletion(-)
 tests:  2|5
total_score: 15/70
567a16e
Fri 31 Mar 2023 11:57:18 AM UTC: 
 arraylist.c | 1 +
 1 file changed, 1 insertion(+)
 tests:  1|5
total_score: 10/70
aff136c
Fri 31 Mar 2023 11:58:47 AM UTC: 
 arraylist.c | 7 +++++--
 1 file changed, 5 insertions(+), 2 deletions(-)
 tests:  1|5
total_score: 10/70
8fe4436
Fri 31 Mar 2023 11:59:13 AM UTC: 
 arraylist.c | 1 +
 1 file changed, 1 insertion(+)
 tests:  3|4
total_score: 20/70
621f34d
Fri 31 Mar 2023 11:59:31 AM UTC: 
 arraylist.c | 2 --
 1 file changed, 2 deletions(-)
 tests:  2|5
total_score: 15/70
b9ba232
Fri 31 Mar 2023 11:59:43 AM UTC: 
 arraylist.c | 2 ++
 1 file changed, 2 insertions(+)
 tests:  1|5
total_score: 10/70
8484fc4
Fri 31 Mar 2023 12:00:06 PM UTC: 
 arraylist.c | 5 +++--
 1 file changed, 3 insertions(+), 2 deletions(-)
 tests:  3|4
total_score: 20/70
d783d07
Fri 31 Mar 2023 12:02:14 PM UTC: 
 arraylist.c | 3 +--
 1 file changed, 1 insertion(+), 2 deletions(-)
 tests:  3|4
total_score: 20/70
3ec5492
Fri 31 Mar 2023 12:14:07 PM UTC: 
 arraylist.c | 6 ++++++
 1 file changed, 6 insertions(+)
 tests:  3|4
total_score: 20/70
e00ff41
Fri 31 Mar 2023 12:14:52 PM UTC: 
 arraylist.c | 2 --
 1 file changed, 2 deletions(-)
 tests:  3|4
total_score: 20/70
9991c3d
Fri 31 Mar 2023 12:15:36 PM UTC: 
 arraylist.c | 2 ++
 1 file changed, 2 insertions(+)
 tests:  3|4
total_score: 20/70
a5cbea0
Fri 31 Mar 2023 12:15:47 PM UTC: 
 arraylist.c | 4 +---
 1 file changed, 1 insertion(+), 3 deletions(-)
 tests:  3|4
total_score: 20/70
3e951d6
Fri 31 Mar 2023 12:16:27 PM UTC: 
 arraylist.c | 2 +-
 1 file changed, 1 insertion(+), 1 deletion(-)
In file included from test.c:5:
arraylist.c: In function ‘createList’:
arraylist.c:15:9: error: array subscript ‘ArrayList {aka struct ArrayList}[0]’ is partly outside array bounds of ‘unsigned char[1]’ [-Werror=array-bounds]
   15 |   lista -> capacity=2;
      |         ^~
arraylist.c:14:23: note: referencing an object of size 1 allocated by ‘malloc’
   14 |   ArrayList * lista = (void *) malloc(sizeof(void));
      |                       ^~~~~~~~~~~~~~~~~~~~~~~~~~~~~
arraylist.c:16:9: error: array subscript ‘ArrayList {aka struct ArrayList}[0]’ is partly outside array bounds of ‘unsigned char[1]’ [-Werror=array-bounds]
   16 |   lista -> size=0;
      |         ^~
arraylist.c:14:23: note: referencing an object of size 1 allocated by ‘malloc’
   14 |   ArrayList * lista = (void *) malloc(sizeof(void));
      |                       ^~~~~~~~~~~~~~~~~~~~~~~~~~~~~
arraylist.c:17:9: error: array subscript ‘ArrayList {aka struct ArrayList}[0]’ is partly outside array bounds of ‘unsigned char[1]’ [-Werror=array-bounds]
   17 |   lista -> data= malloc(sizeof(void));
      |         ^~
arraylist.c:14:23: note: referencing an object of size 1 allocated by ‘malloc’
   14 |   ArrayList * lista = (void *) malloc(sizeof(void));
      |                       ^~~~~~~~~~~~~~~~~~~~~~~~~~~~~
cc1: all warnings being treated as errors
Compilation failed
58200c7
Fri 31 Mar 2023 12:16:38 PM UTC: 
 arraylist.c | 2 +-
 1 file changed, 1 insertion(+), 1 deletion(-)
In file included from test.c:5:
arraylist.c: In function ‘createList’:
arraylist.c:15:9: error: array subscript ‘ArrayList {aka struct ArrayList}[0]’ is partly outside array bounds of ‘unsigned char[1]’ [-Werror=array-bounds]
   15 |   lista -> capacity=2;
      |         ^~
arraylist.c:14:22: note: referencing an object of size 1 allocated by ‘malloc’
   14 |   ArrayList * lista =malloc(sizeof(void));
      |                      ^~~~~~~~~~~~~~~~~~~~
arraylist.c:16:9: error: array subscript ‘ArrayList {aka struct ArrayList}[0]’ is partly outside array bounds of ‘unsigned char[1]’ [-Werror=array-bounds]
   16 |   lista -> size=0;
      |         ^~
arraylist.c:14:22: note: referencing an object of size 1 allocated by ‘malloc’
   14 |   ArrayList * lista =malloc(sizeof(void));
      |                      ^~~~~~~~~~~~~~~~~~~~
arraylist.c:17:9: error: array subscript ‘ArrayList {aka struct ArrayList}[0]’ is partly outside array bounds of ‘unsigned char[1]’ [-Werror=array-bounds]
   17 |   lista -> data= malloc(sizeof(void));
      |         ^~
arraylist.c:14:22: note: referencing an object of size 1 allocated by ‘malloc’
   14 |   ArrayList * lista =malloc(sizeof(void));
      |                      ^~~~~~~~~~~~~~~~~~~~
cc1: all warnings being treated as errors
Compilation failed
4f54cbd
Fri 31 Mar 2023 12:17:34 PM UTC: 
 arraylist.c | 2 +-
 1 file changed, 1 insertion(+), 1 deletion(-)
In file included from test.c:5:
arraylist.c: In function ‘createList’:
arraylist.c:15:9: error: array subscript ‘ArrayList {aka struct ArrayList}[0]’ is partly outside array bounds of ‘unsigned char[1]’ [-Werror=array-bounds]
   15 |   lista -> capacity=2;
      |         ^~
arraylist.c:14:37: note: referencing an object of size 1 allocated by ‘malloc’
   14 |   ArrayList * lista = (ArrayList *) malloc(sizeof(void));
      |                                     ^~~~~~~~~~~~~~~~~~~~
arraylist.c:16:9: error: array subscript ‘ArrayList {aka struct ArrayList}[0]’ is partly outside array bounds of ‘unsigned char[1]’ [-Werror=array-bounds]
   16 |   lista -> size=0;
      |         ^~
arraylist.c:14:37: note: referencing an object of size 1 allocated by ‘malloc’
   14 |   ArrayList * lista = (ArrayList *) malloc(sizeof(void));
      |                                     ^~~~~~~~~~~~~~~~~~~~
arraylist.c:17:9: error: array subscript ‘ArrayList {aka struct ArrayList}[0]’ is partly outside array bounds of ‘unsigned char[1]’ [-Werror=array-bounds]
   17 |   lista -> data= malloc(sizeof(void));
      |         ^~
arraylist.c:14:37: note: referencing an object of size 1 allocated by ‘malloc’
   14 |   ArrayList * lista = (ArrayList *) malloc(sizeof(void));
      |                                     ^~~~~~~~~~~~~~~~~~~~
cc1: all warnings being treated as errors
Compilation failed
84c0057
Fri 31 Mar 2023 12:17:43 PM UTC: 
 arraylist.c | 2 +-
 1 file changed, 1 insertion(+), 1 deletion(-)
 tests:  3|4
total_score: 20/70
af1c918
Fri 31 Mar 2023 12:21:07 PM UTC: 
 arraylist.c | 3 +--
 1 file changed, 1 insertion(+), 2 deletions(-)
In file included from test.c:5:
arraylist.c: In function ‘push’:
arraylist.c:36:7: error: ‘inth’ undeclared (first use in this function); did you mean ‘int’?
   36 |   for(inth)
      |       ^~~~
      |       int
arraylist.c:36:7: note: each undeclared identifier is reported only once for each function it appears in
arraylist.c:36:11: error: expected ‘;’ before ‘)’ token
   36 |   for(inth)
      |           ^
      |           ;
arraylist.c:36:11: error: expected expression before ‘)’ token
arraylist.c:39:1: error: expected expression before ‘}’ token
   39 | }
      | ^
Compilation failed
cb75d97
Fri 31 Mar 2023 12:21:17 PM UTC: 
 arraylist.c | 3 ---
 1 file changed, 3 deletions(-)
 tests:  3|4
total_score: 20/70
cb34343
Fri 31 Mar 2023 02:23:37 PM UTC: 
 arraylist.c | 9 +++++++++
 1 file changed, 9 insertions(+)
In file included from test.c:5:
arraylist.c: In function ‘push’:
arraylist.c:40:7: error: ‘intj’ undeclared (first use in this function); did you mean ‘int’?
   40 |   for(intj=0;j<i;i++){
      |       ^~~~
      |       int
arraylist.c:40:7: note: each undeclared identifier is reported only once for each function it appears in
arraylist.c:40:14: error: ‘j’ undeclared (first use in this function)
   40 |   for(intj=0;j<i;i++){
      |              ^
Compilation failed
1f25e9d
Fri 31 Mar 2023 02:24:06 PM UTC: 
 arraylist.c | 3 +--
 1 file changed, 1 insertion(+), 2 deletions(-)
 tests:  0|0
7af2142
Fri 31 Mar 2023 02:27:42 PM UTC: 
 arraylist.c | 5 +++--
 1 file changed, 3 insertions(+), 2 deletions(-)
 tests:  0|0
dfce8f4
Fri 31 Mar 2023 02:27:51 PM UTC: 
 arraylist.c | 2 +-
 1 file changed, 1 insertion(+), 1 deletion(-)
 tests:  5|3
total_score: 30/70
17615f1
Fri 31 Mar 2023 02:30:34 PM UTC: 
 arraylist.c | 1 +
 1 file changed, 1 insertion(+)
In file included from test.c:5:
arraylist.c: In function ‘push’:
arraylist.c:35:25: error: ‘return’ with a value, in function returning void [-Werror=return-type]
   35 |   if(i>=l->size) return NULL;
      |                         ^~~~
arraylist.c:34:6: note: declared here
   34 | void push(ArrayList * l, void * data, int i){
      |      ^~~~
cc1: all warnings being treated as errors
Compilation failed
2b3e856
Sat 01 Apr 2023 07:39:56 PM UTC: 
 arraylist.c | 10 +++++++++-
 1 file changed, 9 insertions(+), 1 deletion(-)
In file included from test.c:5:
arraylist.c: In function ‘push’:
arraylist.c:35:25: error: ‘return’ with a value, in function returning void [-Werror=return-type]
   35 |   if(i>=l->size) return NULL;
      |                         ^~~~
arraylist.c:34:6: note: declared here
   34 | void push(ArrayList * l, void * data, int i){
      |      ^~~~
cc1: all warnings being treated as errors
Compilation failed
648d947
Sat 01 Apr 2023 07:40:14 PM UTC: 
 arraylist.c | 3 ---
 1 file changed, 3 deletions(-)
In file included from test.c:5:
arraylist.c: In function ‘push’:
arraylist.c:35:25: error: ‘return’ with a value, in function returning void [-Werror=return-type]
   35 |   if(i>=l->size) return NULL;
      |                         ^~~~
arraylist.c:34:6: note: declared here
   34 | void push(ArrayList * l, void * data, int i){
      |      ^~~~
cc1: all warnings being treated as errors
Compilation failed
426c071
Sat 01 Apr 2023 07:42:26 PM UTC: 
 arraylist.c | 5 +++--
 1 file changed, 3 insertions(+), 2 deletions(-)
In file included from test.c:5:
arraylist.c: In function ‘push’:
arraylist.c:35:25: error: ‘return’ with a value, in function returning void [-Werror=return-type]
   35 |   if(i>=l->size) return NULL;
      |                         ^~~~
arraylist.c:34:6: note: declared here
   34 | void push(ArrayList * l, void * data, int i){
      |      ^~~~
arraylist.c: In function ‘get’:
arraylist.c:54:9: error: implicit declaration of function ‘index_from_negative’ [-Werror=implicit-function-declaration]
   54 |     i = index_from_negative(i, l->size);
      |         ^~~~~~~~~~~~~~~~~~~
arraylist.c:55:10: error: implicit declaration of function ‘is_index_valid’ [-Werror=implicit-function-declaration]
   55 |     if (!is_index_valid(i, l->size)) {
      |          ^~~~~~~~~~~~~~
cc1: all warnings being treated as errors
Compilation failed
24f0aeb
Sat 01 Apr 2023 07:42:43 PM UTC: 
 arraylist.c | 6 +-----
 1 file changed, 1 insertion(+), 5 deletions(-)
In file included from test.c:5:
arraylist.c: In function ‘push’:
arraylist.c:35:25: error: ‘return’ with a value, in function returning void [-Werror=return-type]
   35 |   if(i>=l->size) return NULL;
      |                         ^~~~
arraylist.c:34:6: note: declared here
   34 | void push(ArrayList * l, void * data, int i){
      |      ^~~~
arraylist.c: In function ‘get’:
arraylist.c:55:1: error: control reaches end of non-void function [-Werror=return-type]
   55 | }
      | ^
cc1: all warnings being treated as errors
Compilation failed
3db1957
Sat 01 Apr 2023 07:43:06 PM UTC: 
 arraylist.c | 1 -
 1 file changed, 1 deletion(-)
In file included from test.c:5:
arraylist.c: In function ‘get’:
arraylist.c:54:1: error: control reaches end of non-void function [-Werror=return-type]
   54 | }
      | ^
cc1: all warnings being treated as errors
Compilation failed
b034653
